Arguments: 
  C:\Program Files\nodejs\node.exe C:\Users\User\AppData\Roaming\npm\node_modules\yarn\bin\yarn.js

PATH: 
  C:\Program Files\Common Files\Oracle\Java\javapath;C:\Windows\system32;C:\Windows;C:\Windows\System32\Wbem;C:\Windows\System32\WindowsPowerShell\v1.0\;C:\Windows\System32\OpenSSH\;C:\Program Files (x86)\Common Files\Acronis\SnapAPI\;C:\Program Files\Java\jdk-18\bin;C:\Program Files\Git\cmd;C:\Program Files\nodejs\;C:\Users\User\AppData\Local\Microsoft\WindowsApps;C:\Users\User\AppData\Local\GitHubDesktop\bin;C:\Users\User\AppData\Roaming\npm;C:\Users\User\AppData\Local\Programs\Microsoft VS Code\bin

Yarn version: 
  1.22.18

Node version: 
  16.14.2

Platform: 
  win32 x64

Trace: 
  SyntaxError: D:\testWelbeX\wxback\package.json: Unexpected token } in JSON at position 174
      at JSON.parse (<anonymous>)
      at C:\Users\User\AppData\Roaming\npm\node_modules\yarn\lib\cli.js:1625:59
      at Generator.next (<anonymous>)
      at step (C:\Users\User\AppData\Roaming\npm\node_modules\yarn\lib\cli.js:310:30)
      at C:\Users\User\AppData\Roaming\npm\node_modules\yarn\lib\cli.js:321:13

npm manifest: 
  {
    "name": "wxback",
    "version": "1.0.0",
    "main": "index.js",
    "license": "MIT",
    "private": false,
    "dependencies": {
      "express": "^4.18.1",
      "pg": "^8.8.0",
    },
    "devDependencies": {
      "@types/express": "^4.17.13",
      "@types/node": "^17.0.41",
      "nodemon": "^2.0.16",
      "ts-node": "^10.8.1",
      "typescript": "^4.7.3"
    }
  }

yarn manifest: 
  No manifest

Lockfile: 
  No lockfile
